# JRE version: OpenJDK Runtime Environment (8.0_152-b01) (build 1.8.0_152-release-915-b01)
# Java VM: OpenJDK 64-Bit Server VM (25.152-b01 mixed mode linux-amd64 compressed oops)
Heap:
 PSYoungGen      total 411648K, used 340502K [0x00000000e0000000, 0x00000000fff00000, 0x0000000100000000)
  eden space 311296K, 97% used [0x00000000e0000000,0x00000000f29ba898,0x00000000f3000000)
  from space 100352K, 35% used [0x00000000f3000000,0x00000000f52cb030,0x00000000f9200000)
  to   space 95744K, 0% used [0x00000000fa180000,0x00000000fa180000,0x00000000fff00000)
 ParOldGen       total 469504K, used 464202K [0x00000000a0000000, 0x00000000bca80000, 0x00000000e0000000)
  object space 469504K, 98% used [0x00000000a0000000,0x00000000bc552880,0x00000000bca80000)
 Metaspace       used 89868K, capacity 94416K, committed 94868K, reserved 1132544K
  class space    used 11111K, capacity 12239K, committed 12476K, reserved 1048576K
GC Heap History (10 events):
Event: 2120.720 GC heap before
{Heap before GC invocations=64 (full 9):
 PSYoungGen      total 437760K, used 437647K [0x00000000e0000000, 0x0000000100000000, 0x0000000100000000)
  eden space 366080K, 100% used [0x00000000e0000000,0x00000000f6580000,0x00000000f6580000)
  from space 71680K, 99% used [0x00000000f6580000,0x00000000fab63e98,0x00000000fab80000)
  to   space 86528K, 0% used [0x00000000fab80000,0x00000000fab80000,0x0000000100000000)
 ParOldGen       total 416256K, used 292809K [0x00000000a0000000, 0x00000000b9680000, 0x00000000e0000000)
  object space 416256K, 70% used [0x00000000a0000000,0x00000000b1df2618,0x00000000b9680000)
 Metaspace       used 88826K, capacity 93066K, committed 93844K, reserved 1130496K
  class space    used 10950K, capacity 12028K, committed 12220K, reserved 1048576K
Event: 2120.787 GC heap after
Heap after GC invocations=64 (full 9):
 PSYoungGen      total 393728K, used 86503K [0x00000000e0000000, 0x0000000100000000, 0x0000000100000000)
  eden space 307200K, 0% used [0x00000000e0000000,0x00000000e0000000,0x00000000f2c00000)
  from space 86528K, 99% used [0x00000000fab80000,0x00000000ffff9dd8,0x0000000100000000)
  to   space 108544K, 0% used [0x00000000f2c00000,0x00000000f2c00000,0x00000000f9600000)
 ParOldGen       total 416256K, used 304035K [0x00000000a0000000, 0x00000000b9680000, 0x00000000e0000000)
  object space 416256K, 73% used [0x00000000a0000000,0x00000000b28e8d30,0x00000000b9680000)
 Metaspace       used 88826K, capacity 93066K, committed 93844K, reserved 1130496K
  class space    used 10950K, capacity 12028K, committed 12220K, reserved 1048576K
}
Event: 2121.750 GC heap before
{Heap before GC invocations=65 (full 9):
 PSYoungGen      total 393728K, used 393703K [0x00000000e0000000, 0x0000000100000000, 0x0000000100000000)
  eden space 307200K, 100% used [0x00000000e0000000,0x00000000f2c00000,0x00000000f2c00000)
  from space 86528K, 99% used [0x00000000fab80000,0x00000000ffff9dd8,0x0000000100000000)
  to   space 108544K, 0% used [0x00000000f2c00000,0x00000000f2c00000,0x00000000f9600000)
 ParOldGen       total 416256K, used 304036K [0x00000000a0000000, 0x00000000b9680000, 0x00000000e0000000)
  object space 416256K, 73% used [0x00000000a0000000,0x00000000b28e9398,0x00000000b9680000)
 Metaspace       used 88838K, capacity 93066K, committed 93844K, reserved 1130496K
  class space    used 10950K, capacity 12028K, committed 12220K, reserved 1048576K
Event: 2121.846 GC heap after
Heap after GC invocations=65 (full 9):
 PSYoungGen      total 415744K, used 10619K [0x00000000e0000000, 0x0000000100000000, 0x0000000100000000)
  eden space 307200K, 0% used [0x00000000e0000000,0x00000000e0000000,0x00000000f2c00000)
  from space 108544K, 9% used [0x00000000f2c00000,0x00000000f365ed98,0x00000000f9600000)
  to   space 104448K, 0% used [0x00000000f9a00000,0x00000000f9a00000,0x0000000100000000)
 ParOldGen       total 416256K, used 378104K [0x00000000a0000000, 0x00000000b9680000, 0x00000000e0000000)
  object space 416256K, 90% used [0x00000000a0000000,0x00000000b713e388,0x00000000b9680000)
 Metaspace       used 88838K, capacity 93066K, committed 93844K, reserved 1130496K
  class space    used 10950K, capacity 12028K, committed 12220K, reserved 1048576K
}
Event: 2121.846 GC heap before
{Heap before GC invocations=66 (full 10):
 PSYoungGen      total 415744K, used 10619K [0x00000000e0000000, 0x0000000100000000, 0x0000000100000000)
  eden space 307200K, 0% used [0x00000000e0000000,0x00000000e0000000,0x00000000f2c00000)
  from space 108544K, 9% used [0x00000000f2c00000,0x00000000f365ed98,0x00000000f9600000)
  to   space 104448K, 0% used [0x00000000f9a00000,0x00000000f9a00000,0x0000000100000000)
 ParOldGen       total 416256K, used 378104K [0x00000000a0000000, 0x00000000b9680000, 0x00000000e0000000)
  object space 416256K, 90% used [0x00000000a0000000,0x00000000b713e388,0x00000000b9680000)
 Metaspace       used 88838K, capacity 93066K, committed 93844K, reserved 1130496K
  class space    used 10950K, capacity 12028K, committed 12220K, reserved 1048576K
Event: 2122.363 GC heap after
Heap after GC invocations=66 (full 10):
 PSYoungGen      total 415744K, used 0K [0x00000000e0000000, 0x0000000100000000, 0x0000000100000000)
  eden space 307200K, 0% used [0x00000000e0000000,0x00000000e0000000,0x00000000f2c00000)
  from space 108544K, 0% used [0x00000000f2c00000,0x00000000f2c00000,0x00000000f9600000)
  to   space 104448K, 0% used [0x00000000f9a00000,0x00000000f9a00000,0x0000000100000000)
 ParOldGen       total 423936K, used 252828K [0x00000000a0000000, 0x00000000b9e00000, 0x00000000e0000000)
  object space 423936K, 59% used [0x00000000a0000000,0x00000000af6e71d8,0x00000000b9e00000)
 Metaspace       used 88838K, capacity 93066K, committed 93844K, reserved 1130496K
  class space    used 10950K, capacity 12028K, committed 12220K, reserved 1048576K
}
Event: 2128.134 GC heap before
{Heap before GC invocations=67 (full 10):
 PSYoungGen      total 415744K, used 307200K [0x00000000e0000000, 0x0000000100000000, 0x0000000100000000)
  eden space 307200K, 100% used [0x00000000e0000000,0x00000000f2c00000,0x00000000f2c00000)
  from space 108544K, 0% used [0x00000000f2c00000,0x00000000f2c00000,0x00000000f9600000)
  to   space 104448K, 0% used [0x00000000f9a00000,0x00000000f9a00000,0x0000000100000000)
 ParOldGen       total 423936K, used 252828K [0x00000000a0000000, 0x00000000b9e00000, 0x00000000e0000000)
  object space 423936K, 59% used [0x00000000a0000000,0x00000000af6e71d8,0x00000000b9e00000)
 Metaspace       used 89276K, capacity 93728K, committed 94228K, reserved 1130496K
  class space    used 11022K, capacity 12125K, committed 12348K, reserved 1048576K
Event: 2128.153 GC heap after
Heap after GC invocations=67 (full 10):
 PSYoungGen      total 403456K, used 10774K [0x00000000e0000000, 0x00000000ff400000, 0x0000000100000000)
  eden space 311296K, 0% used [0x00000000e0000000,0x00000000e0000000,0x00000000f3000000)
  from space 92160K, 11% used [0x00000000f9a00000,0x00000000fa4859e0,0x00000000ff400000)
  to   space 100352K, 0% used [0x00000000f3000000,0x00000000f3000000,0x00000000f9200000)
 ParOldGen       total 423936K, used 252836K [0x00000000a0000000, 0x00000000b9e00000, 0x00000000e0000000)
  object space 423936K, 59% used [0x00000000a0000000,0x00000000af6e91d8,0x00000000b9e00000)
 Metaspace       used 89276K, capacity 93728K, committed 94228K, reserved 1130496K
  class space    used 11022K, capacity 12125K, committed 12348K, reserved 1048576K
}
Event: 2129.387 GC heap before
{Heap before GC invocations=68 (full 10):
 PSYoungGen      total 403456K, used 321377K [0x00000000e0000000, 0x00000000ff400000, 0x0000000100000000)
  eden space 311296K, 99% used [0x00000000e0000000,0x00000000f2f52b38,0x00000000f3000000)
  from space 92160K, 11% used [0x00000000f9a00000,0x00000000fa4859e0,0x00000000ff400000)
  to   space 100352K, 0% used [0x00000000f3000000,0x00000000f3000000,0x00000000f9200000)
 ParOldGen       total 423936K, used 261028K [0x00000000a0000000, 0x00000000b9e00000, 0x00000000e0000000)
  object space 423936K, 61% used [0x00000000a0000000,0x00000000afee91e8,0x00000000b9e00000)
 Metaspace       used 89836K, capacity 94410K, committed 94868K, reserved 1132544K
  class space    used 11110K, capacity 12238K, committed 12476K, reserved 1048576K
Event: 2129.405 GC heap after
Heap after GC invocations=68 (full 10):
 PSYoungGen      total 411648K, used 35628K [0x00000000e0000000, 0x00000000fff00000, 0x0000000100000000)
  eden space 311296K, 0% used [0x00000000e0000000,0x00000000e0000000,0x00000000f3000000)
  from space 100352K, 35% used [0x00000000f3000000,0x00000000f52cb030,0x00000000f9200000)
  to   space 95744K, 0% used [0x00000000fa180000,0x00000000fa180000,0x00000000fff00000)
 ParOldGen       total 423936K, used 261453K [0x00000000a0000000, 0x00000000b9e00000, 0x00000000e0000000)
  object space 423936K, 61% used [0x00000000a0000000,0x00000000aff53708,0x00000000b9e00000)
 Metaspace       used 89836K, capacity 94410K, committed 94868K, reserved 1132544K
  class space    used 11110K, capacity 12238K, committed 12476K, reserved 1048576K
}

